{"level":"info","message":"Server is running on port 3010","timestamp":"2024-02-10T16:27:29.142Z"}
{"level":"info","message":"Connected to MQTT broker","timestamp":"2024-02-10T16:27:29.154Z"}
{"level":"info","message":"Database connection test successful:","timestamp":"2024-02-10T16:27:29.207Z"}
{"level":"info","message":"Received message on topic zigbee2mqtt: {\"device_id\":\"Switch_test\",\"state\":\"off\",\"topic\":\"zigbee2mqtt/Switch\"}","timestamp":"2024-02-10T16:28:15.128Z"}
{"level":"info","message":"Switch Switch_test state is set to off","timestamp":"2024-02-10T16:28:15.129Z"}
{"level":"info","message":"Inserted into the database successfully.","timestamp":"2024-02-10T16:28:15.698Z"}
{"level":"info","message":"Received message on topic zigbee2mqtt: {\"device_id\":\"Thermostat_test\",\"state\":15.669872981077807,\"mode\":\"heat\",\"topic\":\"zigbee2mqtt/Thermostat\"}","timestamp":"2024-02-10T16:28:21.904Z"}
{"level":"info","message":"Thermostat Thermostat_test temperature is set to 15.669872981077807 in mode heat","timestamp":"2024-02-10T16:28:21.904Z"}
{"level":"info","message":"Inserted into the database successfully.","timestamp":"2024-02-10T16:28:22.290Z"}
{"level":"info","message":"Server is running on port 3010","timestamp":"2024-02-11T18:35:30.425Z"}
{"level":"info","message":"Connected to MQTT broker","timestamp":"2024-02-11T18:35:30.436Z"}
{"level":"info","message":"Database connection test successful:","timestamp":"2024-02-11T18:35:30.506Z"}
{"level":"info","message":"Server is running on port 3010","timestamp":"2024-02-11T18:35:51.049Z"}
{"level":"info","message":"Connected to MQTT broker","timestamp":"2024-02-11T18:35:51.060Z"}
{"level":"info","message":"Database connection test successful:","timestamp":"2024-02-11T18:35:51.211Z"}
{"level":"info","message":"Received message on topic zigbee2mqtt: {\"device_id\":\"Thermostat_test\",\"state\":15,\"mode\":\"heat\",\"topic\":\"zigbee2mqtt/Thermostat\"}","timestamp":"2024-02-11T18:37:55.832Z"}
{"level":"info","message":"Thermostat Thermostat_test temperature is set to 15 in mode heat","timestamp":"2024-02-11T18:37:55.832Z"}
{"level":"info","message":"Inserted into the database successfully.","timestamp":"2024-02-11T18:37:56.497Z"}
{"level":"info","message":"Received message on topic zigbee2mqtt: {\"device_id\":\"Switch_test\",\"state\":\"off\",\"topic\":\"zigbee2mqtt/Switch\"}","timestamp":"2024-02-11T18:37:59.254Z"}
{"level":"info","message":"Switch Switch_test state is set to off","timestamp":"2024-02-11T18:37:59.254Z"}
{"level":"info","message":"Inserted into the database successfully.","timestamp":"2024-02-11T18:37:59.382Z"}
{"level":"info","message":"Received message on topic zigbee2mqtt: {\"device_id\":\"Switch_test\",\"state\":\"on\",\"topic\":\"zigbee2mqtt/Switch\"}","timestamp":"2024-02-11T18:38:27.458Z"}
{"level":"info","message":"Switch Switch_test state is set to on","timestamp":"2024-02-11T18:38:27.459Z"}
{"level":"info","message":"Inserted into the database successfully.","timestamp":"2024-02-11T18:38:27.875Z"}
{"level":"info","message":"Received message on topic zigbee2mqtt: {\"device_id\":\"Switch_test\",\"state\":\"off\",\"topic\":\"zigbee2mqtt/Switch\"}","timestamp":"2024-02-11T18:40:18.165Z"}
{"level":"info","message":"Switch Switch_test state is set to off","timestamp":"2024-02-11T18:40:18.166Z"}
{"level":"info","message":"Inserted into the database successfully.","timestamp":"2024-02-11T18:40:18.715Z"}
{"level":"info","message":"Received message on topic zigbee2mqtt: {\"device_id\":\"Thermostat_test\",\"state\":15,\"mode\":\"heat\",\"topic\":\"zigbee2mqtt/Thermostat\"}","timestamp":"2024-02-11T18:40:19.440Z"}
{"level":"info","message":"Thermostat Thermostat_test temperature is set to 15 in mode heat","timestamp":"2024-02-11T18:40:19.441Z"}
{"level":"info","message":"Inserted into the database successfully.","timestamp":"2024-02-11T18:40:19.581Z"}
{"level":"info","message":"Received message on topic zigbee2mqtt: {\"device_id\":\"Switch_test\",\"state\":\"on\",\"topic\":\"zigbee2mqtt/Switch\"}","timestamp":"2024-02-11T18:41:33.844Z"}
{"level":"info","message":"Switch Switch_test state is set to on","timestamp":"2024-02-11T18:41:33.845Z"}
{"level":"info","message":"Inserted into the database successfully.","timestamp":"2024-02-11T18:41:34.380Z"}
{"level":"info","message":"Received message on topic zigbee2mqtt: {\"device_id\":\"Switch_test\",\"state\":\"off\",\"topic\":\"zigbee2mqtt/Switch\"}","timestamp":"2024-02-11T18:42:32.195Z"}
{"level":"info","message":"Switch Switch_test state is set to off","timestamp":"2024-02-11T18:42:32.196Z"}
{"level":"info","message":"Inserted into the database successfully.","timestamp":"2024-02-11T18:42:32.640Z"}
{"level":"info","message":"Received message on topic zigbee2mqtt: {\"device_id\":\"Switch_test\",\"state\":\"on\",\"topic\":\"zigbee2mqtt/Switch\"}","timestamp":"2024-02-11T18:42:54.776Z"}
{"level":"info","message":"Switch Switch_test state is set to on","timestamp":"2024-02-11T18:42:54.777Z"}
{"level":"info","message":"Inserted into the database successfully.","timestamp":"2024-02-11T18:42:55.191Z"}
{"level":"info","message":"Received message on topic zigbee2mqtt: {\"device_id\":\"Thermostat_test\",\"state\":15,\"mode\":\"heat\",\"topic\":\"zigbee2mqtt/Thermostat\"}","timestamp":"2024-02-11T18:43:32.064Z"}
{"level":"info","message":"Thermostat Thermostat_test temperature is set to 15 in mode heat","timestamp":"2024-02-11T18:43:32.065Z"}
{"level":"info","message":"Inserted into the database successfully.","timestamp":"2024-02-11T18:43:32.511Z"}
{"level":"info","message":"Received message on topic zigbee2mqtt: {\"device_id\":\"Switch_test\",\"state\":\"off\",\"topic\":\"zigbee2mqtt/Switch\"}","timestamp":"2024-02-11T18:43:40.919Z"}
{"level":"info","message":"Switch Switch_test state is set to off","timestamp":"2024-02-11T18:43:40.919Z"}
{"level":"info","message":"Inserted into the database successfully.","timestamp":"2024-02-11T18:43:41.274Z"}
{"level":"info","message":"Received message on topic zigbee2mqtt: {\"device_id\":\"Thermostat_test\",\"state\":15,\"mode\":\"heat\",\"topic\":\"zigbee2mqtt/Thermostat\"}","timestamp":"2024-02-11T18:43:41.934Z"}
{"level":"info","message":"Thermostat Thermostat_test temperature is set to 15 in mode heat","timestamp":"2024-02-11T18:43:41.935Z"}
{"level":"info","message":"Inserted into the database successfully.","timestamp":"2024-02-11T18:43:42.060Z"}
